<?xml version="1.0" encoding="UTF-8"?>
<!-- Generated by org.testng.reporters.JUnitXMLReporter -->
<testsuite hostname="DESKTOP-GJ67TUH" ignored="0" name="Regression suite 1" tests="2" failures="1" timestamp="05 Oct 2017 17:31:04 GMT" time="58.422" errors="0">
  <testcase name="enquiry_ordermethod" time="0.294" classname="Maven.automation_project.Smoke.CompleteOrderTest">
    <failure type="java.lang.AssertionError" message="expected [Product successfully added to your shopping cart] but found []">
      <![CDATA[java.lang.AssertionError: expected [Product successfully added to your shopping cart] but found []
	at Maven.automation_project.Pages.CompleteOrderPage.order(CompleteOrderPage.java:37)
	at Maven.automation_project.Smoke.CompleteOrderTest.enquiry_ordermethod(CompleteOrderTest.java:36)
... Removed 31 stack frames]]>
    </failure>
  </testcase> <!-- enquiry_ordermethod -->
  <testcase name="accountLoginmethod" time="6.698" classname="Maven.automation_project.Smoke.LoginTest"/>
</testsuite> <!-- Regression suite 1 -->
