{"uuid":"5267210b-a300-40d4-bd0d-2b62fd8f6be3","historyId":"f9341d5d2ba1703b65701c93881a7dbb","fullName":"Maven.automation_project.Smoke.ShoppingCartTest.Verify_User_is_able_to_Remove_all_items_from__Cart","labels":[{"name":"package","value":"Maven.automation_project.Smoke.ShoppingCartTest"},{"name":"testClass","value":"Maven.automation_project.Smoke.ShoppingCartTest"},{"name":"testMethod","value":"Verify_User_is_able_to_Remove_all_items_from__Cart"},{"name":"parentSuite","value":"Smoke Test"},{"name":"suite","value":"Shopping Cart Test"},{"name":"subSuite","value":"Maven.automation_project.Smoke.ShoppingCartTest"},{"name":"host","value":"DESKTOP-GJ67TUH"},{"name":"thread","value":"9956@DESKTOP-GJ67TUH.main(1)"}],"links":[],"name":"Verify_User_is_able_to_Remove_all_items_from__Cart","status":"broken","statusDetails":{"known":false,"muted":false,"flaky":false,"message":"Expected condition failed: waiting for visibility of element located by By.xpath: //dt[@class='last_item']//span[@class='remove_link']//a (tried for 10 second(s) with 500 MILLISECONDS interval)","trace":"org.openqa.selenium.TimeoutException: Expected condition failed: waiting for visibility of element located by By.xpath: //dt[@class='last_item']//span[@class='remove_link']//a (tried for 10 second(s) with 500 MILLISECONDS interval)\r\n\tat org.openqa.selenium.support.ui.WebDriverWait.timeoutException(WebDriverWait.java:80)\r\n\tat org.openqa.selenium.support.ui.FluentWait.until(FluentWait.java:232)\r\n\tat Maven.automation_project.Uilities.CommonFunctions.wait_visibility_of_element(CommonFunctions.java:36)\r\n\tat Maven.automation_project.Pages.ShoppingCartPage.remove_all_items(ShoppingCartPage.java:232)\r\n\tat Maven.automation_project.Smoke.ShoppingCartTest.Verify_User_is_able_to_Remove_all_items_from__Cart(ShoppingCartTest.java:74)\r\n\tat sun.reflect.NativeMethodAccessorImpl.invoke0(Native Method)\r\n\tat sun.reflect.NativeMethodAccessorImpl.invoke(NativeMethodAccessorImpl.java:62)\r\n\tat sun.reflect.DelegatingMethodAccessorImpl.invoke(DelegatingMethodAccessorImpl.java:43)\r\n\tat java.lang.reflect.Method.invoke(Method.java:498)\r\n\tat org.testng.internal.MethodInvocationHelper.invokeMethod(MethodInvocationHelper.java:108)\r\n\tat org.testng.internal.Invoker.invokeMethod(Invoker.java:669)\r\n\tat org.testng.internal.Invoker.invokeTestMethod(Invoker.java:877)\r\n\tat org.testng.internal.Invoker.invokeTestMethods(Invoker.java:1201)\r\n\tat org.testng.internal.TestMethodWorker.invokeTestMethods(TestMethodWorker.java:125)\r\n\tat org.testng.internal.TestMethodWorker.run(TestMethodWorker.java:109)\r\n\tat org.testng.TestRunner.privateRun(TestRunner.java:776)\r\n\tat org.testng.TestRunner.run(TestRunner.java:634)\r\n\tat org.testng.SuiteRunner.runTest(SuiteRunner.java:425)\r\n\tat org.testng.SuiteRunner.runSequentially(SuiteRunner.java:420)\r\n\tat org.testng.SuiteRunner.privateRun(SuiteRunner.java:385)\r\n\tat org.testng.SuiteRunner.run(SuiteRunner.java:334)\r\n\tat org.testng.SuiteRunnerWorker.runSuite(SuiteRunnerWorker.java:52)\r\n\tat org.testng.SuiteRunnerWorker.run(SuiteRunnerWorker.java:86)\r\n\tat org.testng.TestNG.runSuitesSequentially(TestNG.java:1318)\r\n\tat org.testng.TestNG.runSuitesLocally(TestNG.java:1243)\r\n\tat org.testng.TestNG.runSuites(TestNG.java:1161)\r\n\tat org.testng.TestNG.run(TestNG.java:1129)\r\n\tat org.testng.remote.AbstractRemoteTestNG.run(AbstractRemoteTestNG.java:114)\r\n\tat org.testng.remote.RemoteTestNG.initAndRun(RemoteTestNG.java:251)\r\n\tat org.testng.remote.RemoteTestNG.main(RemoteTestNG.java:77)\r\nCaused by: org.openqa.selenium.NoSuchElementException: Cannot locate an element using By.xpath: //dt[@class='last_item']//span[@class='remove_link']//a\nFor documentation on this error, please visit: http://seleniumhq.org/exceptions/no_such_element.html\nBuild info: version: '3.5.3', revision: 'a88d25fe6b', time: '2017-08-29T12:42:44.417Z'\nSystem info: host: 'DESKTOP-GJ67TUH', ip: '192.168.43.136', os.name: 'Windows 10', os.arch: 'amd64', os.version: '10.0', java.version: '1.8.0_144'\nDriver info: driver.version: unknown\r\n\tat org.openqa.selenium.support.ui.ExpectedConditions.lambda$findElement$0(ExpectedConditions.java:883)\r\n\tat java.util.Optional.orElseThrow(Optional.java:290)\r\n\tat org.openqa.selenium.support.ui.ExpectedConditions.findElement(ExpectedConditions.java:882)\r\n\tat org.openqa.selenium.support.ui.ExpectedConditions.access$000(ExpectedConditions.java:44)\r\n\tat org.openqa.selenium.support.ui.ExpectedConditions$7.apply(ExpectedConditions.java:206)\r\n\tat org.openqa.selenium.support.ui.ExpectedConditions$7.apply(ExpectedConditions.java:202)\r\n\tat org.openqa.selenium.support.ui.FluentWait.until(FluentWait.java:209)\r\n\t... 28 more\r\n"},"stage":"finished","start":1509267398169,"stop":1509267421644,"parameters":[]}