<?xml version="1.0" encoding="UTF-8"?>
<testng-results skipped="2" failed="1" ignored="0" total="9" passed="6">
  <reporter-output>
  </reporter-output>
  <suite name="Smoke Test" duration-ms="74134" started-at="2017-10-30T17:44:00Z" finished-at="2017-10-30T17:45:15Z">
    <groups>
    </groups>
    <test name="Login" duration-ms="40303" started-at="2017-10-30T17:44:00Z" finished-at="2017-10-30T17:44:41Z">
      <class name="Maven.automation_project.Smoke.LoginTest">
        <test-method status="PASS" signature="setup()[pri:0, instance:Maven.automation_project.Smoke.LoginTest@75c9e76b]" name="setup" is-config="true" duration-ms="20134" started-at="2017-10-30T23:14:00Z" finished-at="2017-10-30T23:14:21Z">
          <reporter-output>
          </reporter-output>
        </test-method> <!-- setup -->
        <test-method status="PASS" signature="Verify_User_is_Able_to_Login_With_Valid_Credentials()[pri:0, instance:Maven.automation_project.Smoke.LoginTest@75c9e76b]" name="Verify_User_is_Able_to_Login_With_Valid_Credentials" duration-ms="8554" started-at="2017-10-30T23:14:21Z" finished-at="2017-10-30T23:14:29Z">
          <reporter-output>
          </reporter-output>
        </test-method> <!-- Verify_User_is_Able_to_Login_With_Valid_Credentials -->
        <test-method status="PASS" signature="Verify_User_is_not_Able_to_Login_With_Blank_Credentials()[pri:1, instance:Maven.automation_project.Smoke.LoginTest@75c9e76b]" name="Verify_User_is_not_Able_to_Login_With_Blank_Credentials" duration-ms="1464" started-at="2017-10-30T23:14:29Z" finished-at="2017-10-30T23:14:31Z">
          <reporter-output>
          </reporter-output>
        </test-method> <!-- Verify_User_is_not_Able_to_Login_With_Blank_Credentials -->
        <test-method status="PASS" signature="Verify_User_is_not_Able_to_Login_With_Blank_Password()[pri:2, instance:Maven.automation_project.Smoke.LoginTest@75c9e76b]" name="Verify_User_is_not_Able_to_Login_With_Blank_Password" duration-ms="1656" started-at="2017-10-30T23:14:31Z" finished-at="2017-10-30T23:14:32Z">
          <reporter-output>
          </reporter-output>
        </test-method> <!-- Verify_User_is_not_Able_to_Login_With_Blank_Password -->
        <test-method status="PASS" signature="Verify_User_is_not_Able_to_Login_With_Invalid_EmailAddress()[pri:3, instance:Maven.automation_project.Smoke.LoginTest@75c9e76b]" name="Verify_User_is_not_Able_to_Login_With_Invalid_EmailAddress" duration-ms="2112" started-at="2017-10-30T23:14:32Z" finished-at="2017-10-30T23:14:35Z">
          <reporter-output>
          </reporter-output>
        </test-method> <!-- Verify_User_is_not_Able_to_Login_With_Invalid_EmailAddress -->
        <test-method status="SKIP" signature="Verify_User_is_not_Able_to_Login_With_Invalid_Password()[pri:4, instance:Maven.automation_project.Smoke.LoginTest@75c9e76b]" name="Verify_User_is_not_Able_to_Login_With_Invalid_Password" duration-ms="1671" started-at="2017-10-30T23:14:35Z" finished-at="2017-10-30T23:14:36Z">
          <exception class="java.lang.AssertionError">
            <message>
              <![CDATA[expected [Invali password.] but found [Invalid password.]]]>
            </message>
            <full-stacktrace>
              <![CDATA[java.lang.AssertionError: expected [Invali password.] but found [Invalid password.]
	at org.testng.Assert.fail(Assert.java:93)
	at org.testng.Assert.failNotEquals(Assert.java:512)
	at org.testng.Assert.assertEqualsImpl(Assert.java:134)
	at org.testng.Assert.assertEquals(Assert.java:115)
	at org.testng.Assert.assertEquals(Assert.java:189)
	at org.testng.Assert.assertEquals(Assert.java:199)
	at Maven.automation_project.Pages.LoginPage.login_invalid_pass(LoginPage.java:106)
	at Maven.automation_project.Smoke.LoginTest.Verify_User_is_not_Able_to_Login_With_Invalid_Password(LoginTest.java:70)
	at sun.reflect.NativeMethodAccessorImpl.invoke0(Native Method)
	at sun.reflect.NativeMethodAccessorImpl.invoke(NativeMethodAccessorImpl.java:62)
	at sun.reflect.DelegatingMethodAccessorImpl.invoke(DelegatingMethodAccessorImpl.java:43)
	at java.lang.reflect.Method.invoke(Method.java:498)
	at org.testng.internal.MethodInvocationHelper.invokeMethod(MethodInvocationHelper.java:108)
	at org.testng.internal.Invoker.invokeMethod(Invoker.java:661)
	at org.testng.internal.Invoker.invokeTestMethod(Invoker.java:869)
	at org.testng.internal.Invoker.invokeTestMethods(Invoker.java:1193)
	at org.testng.internal.TestMethodWorker.invokeTestMethods(TestMethodWorker.java:126)
	at org.testng.internal.TestMethodWorker.run(TestMethodWorker.java:109)
	at org.testng.TestRunner.privateRun(TestRunner.java:744)
	at org.testng.TestRunner.run(TestRunner.java:602)
	at org.testng.SuiteRunner.runTest(SuiteRunner.java:380)
	at org.testng.SuiteRunner.runSequentially(SuiteRunner.java:375)
	at org.testng.SuiteRunner.privateRun(SuiteRunner.java:340)
	at org.testng.SuiteRunner.run(SuiteRunner.java:289)
	at org.testng.SuiteRunnerWorker.runSuite(SuiteRunnerWorker.java:52)
	at org.testng.SuiteRunnerWorker.run(SuiteRunnerWorker.java:86)
	at org.testng.TestNG.runSuitesSequentially(TestNG.java:1301)
	at org.testng.TestNG.runSuitesLocally(TestNG.java:1226)
	at org.testng.TestNG.runSuites(TestNG.java:1144)
	at org.testng.TestNG.run(TestNG.java:1115)
	at org.apache.maven.surefire.testng.TestNGExecutor.run(TestNGExecutor.java:283)
	at org.apache.maven.surefire.testng.TestNGXmlTestSuite.execute(TestNGXmlTestSuite.java:75)
	at org.apache.maven.surefire.testng.TestNGProvider.invoke(TestNGProvider.java:120)
	at org.apache.maven.surefire.booter.ForkedBooter.invokeProviderInSameClassLoader(ForkedBooter.java:386)
	at org.apache.maven.surefire.booter.ForkedBooter.runSuitesInProcess(ForkedBooter.java:323)
	at org.apache.maven.surefire.booter.ForkedBooter.main(ForkedBooter.java:143)
]]>
            </full-stacktrace>
          </exception> <!-- java.lang.AssertionError -->
          <reporter-output>
          </reporter-output>
        </test-method> <!-- Verify_User_is_not_Able_to_Login_With_Invalid_Password -->
        <test-method status="SKIP" signature="Verify_User_is_not_Able_to_Login_With_Invalid_Password()[pri:4, instance:Maven.automation_project.Smoke.LoginTest@75c9e76b]" name="Verify_User_is_not_Able_to_Login_With_Invalid_Password" duration-ms="1939" started-at="2017-10-30T23:14:36Z" finished-at="2017-10-30T23:14:38Z">
          <exception class="java.lang.AssertionError">
            <message>
              <![CDATA[expected [Invali password.] but found [Invalid password.]]]>
            </message>
            <full-stacktrace>
              <![CDATA[java.lang.AssertionError: expected [Invali password.] but found [Invalid password.]
	at org.testng.Assert.fail(Assert.java:93)
	at org.testng.Assert.failNotEquals(Assert.java:512)
	at org.testng.Assert.assertEqualsImpl(Assert.java:134)
	at org.testng.Assert.assertEquals(Assert.java:115)
	at org.testng.Assert.assertEquals(Assert.java:189)
	at org.testng.Assert.assertEquals(Assert.java:199)
	at Maven.automation_project.Pages.LoginPage.login_invalid_pass(LoginPage.java:106)
	at Maven.automation_project.Smoke.LoginTest.Verify_User_is_not_Able_to_Login_With_Invalid_Password(LoginTest.java:70)
	at sun.reflect.NativeMethodAccessorImpl.invoke0(Native Method)
	at sun.reflect.NativeMethodAccessorImpl.invoke(NativeMethodAccessorImpl.java:62)
	at sun.reflect.DelegatingMethodAccessorImpl.invoke(DelegatingMethodAccessorImpl.java:43)
	at java.lang.reflect.Method.invoke(Method.java:498)
	at org.testng.internal.MethodInvocationHelper.invokeMethod(MethodInvocationHelper.java:108)
	at org.testng.internal.Invoker.invokeMethod(Invoker.java:661)
	at org.testng.internal.Invoker.retryFailed(Invoker.java:1014)
	at org.testng.internal.Invoker.invokeTestMethods(Invoker.java:1215)
	at org.testng.internal.TestMethodWorker.invokeTestMethods(TestMethodWorker.java:126)
	at org.testng.internal.TestMethodWorker.run(TestMethodWorker.java:109)
	at org.testng.TestRunner.privateRun(TestRunner.java:744)
	at org.testng.TestRunner.run(TestRunner.java:602)
	at org.testng.SuiteRunner.runTest(SuiteRunner.java:380)
	at org.testng.SuiteRunner.runSequentially(SuiteRunner.java:375)
	at org.testng.SuiteRunner.privateRun(SuiteRunner.java:340)
	at org.testng.SuiteRunner.run(SuiteRunner.java:289)
	at org.testng.SuiteRunnerWorker.runSuite(SuiteRunnerWorker.java:52)
	at org.testng.SuiteRunnerWorker.run(SuiteRunnerWorker.java:86)
	at org.testng.TestNG.runSuitesSequentially(TestNG.java:1301)
	at org.testng.TestNG.runSuitesLocally(TestNG.java:1226)
	at org.testng.TestNG.runSuites(TestNG.java:1144)
	at org.testng.TestNG.run(TestNG.java:1115)
	at org.apache.maven.surefire.testng.TestNGExecutor.run(TestNGExecutor.java:283)
	at org.apache.maven.surefire.testng.TestNGXmlTestSuite.execute(TestNGXmlTestSuite.java:75)
	at org.apache.maven.surefire.testng.TestNGProvider.invoke(TestNGProvider.java:120)
	at org.apache.maven.surefire.booter.ForkedBooter.invokeProviderInSameClassLoader(ForkedBooter.java:386)
	at org.apache.maven.surefire.booter.ForkedBooter.runSuitesInProcess(ForkedBooter.java:323)
	at org.apache.maven.surefire.booter.ForkedBooter.main(ForkedBooter.java:143)
]]>
            </full-stacktrace>
          </exception> <!-- java.lang.AssertionError -->
          <reporter-output>
          </reporter-output>
        </test-method> <!-- Verify_User_is_not_Able_to_Login_With_Invalid_Password -->
        <test-method status="FAIL" signature="Verify_User_is_not_Able_to_Login_With_Invalid_Password()[pri:4, instance:Maven.automation_project.Smoke.LoginTest@75c9e76b]" name="Verify_User_is_not_Able_to_Login_With_Invalid_Password" duration-ms="1805" started-at="2017-10-30T23:14:38Z" finished-at="2017-10-30T23:14:40Z">
          <exception class="java.lang.AssertionError">
            <message>
              <![CDATA[expected [Invali password.] but found [Invalid password.]]]>
            </message>
            <full-stacktrace>
              <![CDATA[java.lang.AssertionError: expected [Invali password.] but found [Invalid password.]
	at org.testng.Assert.fail(Assert.java:93)
	at org.testng.Assert.failNotEquals(Assert.java:512)
	at org.testng.Assert.assertEqualsImpl(Assert.java:134)
	at org.testng.Assert.assertEquals(Assert.java:115)
	at org.testng.Assert.assertEquals(Assert.java:189)
	at org.testng.Assert.assertEquals(Assert.java:199)
	at Maven.automation_project.Pages.LoginPage.login_invalid_pass(LoginPage.java:106)
	at Maven.automation_project.Smoke.LoginTest.Verify_User_is_not_Able_to_Login_With_Invalid_Password(LoginTest.java:70)
	at sun.reflect.NativeMethodAccessorImpl.invoke0(Native Method)
	at sun.reflect.NativeMethodAccessorImpl.invoke(NativeMethodAccessorImpl.java:62)
	at sun.reflect.DelegatingMethodAccessorImpl.invoke(DelegatingMethodAccessorImpl.java:43)
	at java.lang.reflect.Method.invoke(Method.java:498)
	at org.testng.internal.MethodInvocationHelper.invokeMethod(MethodInvocationHelper.java:108)
	at org.testng.internal.Invoker.invokeMethod(Invoker.java:661)
	at org.testng.internal.Invoker.retryFailed(Invoker.java:1014)
	at org.testng.internal.Invoker.invokeTestMethods(Invoker.java:1215)
	at org.testng.internal.TestMethodWorker.invokeTestMethods(TestMethodWorker.java:126)
	at org.testng.internal.TestMethodWorker.run(TestMethodWorker.java:109)
	at org.testng.TestRunner.privateRun(TestRunner.java:744)
	at org.testng.TestRunner.run(TestRunner.java:602)
	at org.testng.SuiteRunner.runTest(SuiteRunner.java:380)
	at org.testng.SuiteRunner.runSequentially(SuiteRunner.java:375)
	at org.testng.SuiteRunner.privateRun(SuiteRunner.java:340)
	at org.testng.SuiteRunner.run(SuiteRunner.java:289)
	at org.testng.SuiteRunnerWorker.runSuite(SuiteRunnerWorker.java:52)
	at org.testng.SuiteRunnerWorker.run(SuiteRunnerWorker.java:86)
	at org.testng.TestNG.runSuitesSequentially(TestNG.java:1301)
	at org.testng.TestNG.runSuitesLocally(TestNG.java:1226)
	at org.testng.TestNG.runSuites(TestNG.java:1144)
	at org.testng.TestNG.run(TestNG.java:1115)
	at org.apache.maven.surefire.testng.TestNGExecutor.run(TestNGExecutor.java:283)
	at org.apache.maven.surefire.testng.TestNGXmlTestSuite.execute(TestNGXmlTestSuite.java:75)
	at org.apache.maven.surefire.testng.TestNGProvider.invoke(TestNGProvider.java:120)
	at org.apache.maven.surefire.booter.ForkedBooter.invokeProviderInSameClassLoader(ForkedBooter.java:386)
	at org.apache.maven.surefire.booter.ForkedBooter.runSuitesInProcess(ForkedBooter.java:323)
	at org.apache.maven.surefire.booter.ForkedBooter.main(ForkedBooter.java:143)
]]>
            </full-stacktrace>
          </exception> <!-- java.lang.AssertionError -->
          <reporter-output>
          </reporter-output>
        </test-method> <!-- Verify_User_is_not_Able_to_Login_With_Invalid_Password -->
        <test-method status="PASS" signature="close_browser()[pri:0, instance:Maven.automation_project.Smoke.LoginTest@75c9e76b]" name="close_browser" is-config="true" duration-ms="678" started-at="2017-10-30T23:14:40Z" finished-at="2017-10-30T23:14:41Z">
          <reporter-output>
          </reporter-output>
        </test-method> <!-- close_browser -->
      </class> <!-- Maven.automation_project.Smoke.LoginTest -->
    </test> <!-- Login -->
    <test name="Registration Test" duration-ms="33793" started-at="2017-10-30T17:44:41Z" finished-at="2017-10-30T17:45:15Z">
      <class name="Maven.automation_project.Smoke.RegistrationTest">
        <test-method status="PASS" signature="setup()[pri:0, instance:Maven.automation_project.Smoke.RegistrationTest@5bfa8cc5]" name="setup" is-config="true" duration-ms="18033" started-at="2017-10-30T23:14:41Z" finished-at="2017-10-30T23:14:59Z">
          <reporter-output>
          </reporter-output>
        </test-method> <!-- setup -->
        <test-method status="PASS" signature="Verify_User_is_able_Register_as_New_User()[pri:0, instance:Maven.automation_project.Smoke.RegistrationTest@5bfa8cc5]" name="Verify_User_is_able_Register_as_New_User" duration-ms="12067" started-at="2017-10-30T23:14:59Z" finished-at="2017-10-30T23:15:11Z">
          <reporter-output>
          </reporter-output>
        </test-method> <!-- Verify_User_is_able_Register_as_New_User -->
        <test-method status="PASS" signature="Verify_User_is_not_able_to_Register_with_Already_Regitered_Email()[pri:1, instance:Maven.automation_project.Smoke.RegistrationTest@5bfa8cc5]" name="Verify_User_is_not_able_to_Register_with_Already_Regitered_Email" duration-ms="3012" started-at="2017-10-30T23:15:11Z" finished-at="2017-10-30T23:15:14Z">
          <reporter-output>
          </reporter-output>
        </test-method> <!-- Verify_User_is_not_able_to_Register_with_Already_Regitered_Email -->
        <test-method status="PASS" signature="close_browser()[pri:0, instance:Maven.automation_project.Smoke.RegistrationTest@5bfa8cc5]" name="close_browser" is-config="true" duration-ms="677" started-at="2017-10-30T23:15:14Z" finished-at="2017-10-30T23:15:15Z">
          <reporter-output>
          </reporter-output>
        </test-method> <!-- close_browser -->
      </class> <!-- Maven.automation_project.Smoke.RegistrationTest -->
    </test> <!-- Registration Test -->
  </suite> <!-- Smoke Test -->
</testng-results>
